<?xml version="1.0" encoding="UTF-8"?>
<testng-results skipped="0" failed="0" ignored="0" total="1" passed="1">
  <reporter-output>
  </reporter-output>
  <suite name="Default suite" duration-ms="44" started-at="2019-04-24T14:23:19Z" finished-at="2019-04-24T14:23:19Z">
    <groups>
    </groups>
    <test name="Default test" duration-ms="44" started-at="2019-04-24T14:23:19Z" finished-at="2019-04-24T14:23:19Z">
      <class name="com.servicenow.test.InitTest">
        <test-method status="PASS" signature="testDemoMethod()[pri:0, instance:com.servicenow.test.InitTest@4501b7af]" name="testDemoMethod" duration-ms="13" started-at="2019-04-24T14:23:19Z" finished-at="2019-04-24T14:23:19Z">
          <reporter-output>
          </reporter-output>
        </test-method> <!-- testDemoMethod -->
      </class> <!-- com.servicenow.test.InitTest -->
    </test> <!-- Default test -->
  </suite> <!-- Default suite -->
</testng-results>
